2024-06-27T20:10:16.123+05:30  INFO 5080 --- [RentRead] [main] c.rishav.RentRead.RentReadApplication    : Starting RentReadApplication using Java 21 with PID 5080 (C:\Users\LENOVO\OneDrive\Documents\workspace\RentRead2\build\classes\java\main started by LENOVO in C:\Users\LENOVO\OneDrive\Documents\workspace\RentRead2)
2024-06-27T20:10:16.128+05:30 DEBUG 5080 --- [RentRead] [main] c.rishav.RentRead.RentReadApplication    : Running with Spring Boot v3.3.0, Spring v6.1.8
2024-06-27T20:10:16.129+05:30  INFO 5080 --- [RentRead] [main] c.rishav.RentRead.RentReadApplication    : No active profile set, falling back to 1 default profile: "default"
2024-06-27T20:10:22.656+05:30  INFO 5080 --- [RentRead] [main] .s.d.r.c.RepositoryConfigurationDelegate : Bootstrapping Spring Data JPA repositories in DEFAULT mode.
2024-06-27T20:10:22.933+05:30  INFO 5080 --- [RentRead] [main] .s.d.r.c.RepositoryConfigurationDelegate : Finished Spring Data repository scanning in 183 ms. Found 2 JPA repository interfaces.
2024-06-27T20:10:25.067+05:30  INFO 5080 --- [RentRead] [main] o.s.b.w.embedded.tomcat.TomcatWebServer  : Tomcat initialized with port 8080 (http)
2024-06-27T20:10:25.106+05:30  INFO 5080 --- [RentRead] [main] o.apache.catalina.core.StandardService   : Starting service [Tomcat]
2024-06-27T20:10:25.107+05:30  INFO 5080 --- [RentRead] [main] o.apache.catalina.core.StandardEngine    : Starting Servlet engine: [Apache Tomcat/10.1.24]
2024-06-27T20:10:25.276+05:30  INFO 5080 --- [RentRead] [main] o.a.c.c.C.[Tomcat].[localhost].[/]       : Initializing Spring embedded WebApplicationContext
2024-06-27T20:10:25.277+05:30  INFO 5080 --- [RentRead] [main] w.s.c.ServletWebServerApplicationContext : Root WebApplicationContext: initialization completed in 8845 ms
2024-06-27T20:10:25.801+05:30  INFO 5080 --- [RentRead] [main] o.hibernate.jpa.internal.util.LogHelper  : HHH000204: Processing PersistenceUnitInfo [name: default]
2024-06-27T20:10:26.056+05:30  INFO 5080 --- [RentRead] [main] org.hibernate.Version                    : HHH000412: Hibernate ORM core version 6.5.2.Final
2024-06-27T20:10:26.224+05:30  INFO 5080 --- [RentRead] [main] o.h.c.internal.RegionFactoryInitiator    : HHH000026: Second-level cache disabled
2024-06-27T20:10:27.384+05:30  INFO 5080 --- [RentRead] [main] o.s.o.j.p.SpringPersistenceUnitInfo      : No LoadTimeWeaver setup: ignoring JPA class transformer
2024-06-27T20:10:27.460+05:30  INFO 5080 --- [RentRead] [main] com.zaxxer.hikari.HikariDataSource       : HikariPool-1 - Starting...
2024-06-27T20:10:28.432+05:30  INFO 5080 --- [RentRead] [main] com.zaxxer.hikari.pool.HikariPool        : HikariPool-1 - Added connection com.mysql.cj.jdbc.ConnectionImpl@28fa541
2024-06-27T20:10:28.436+05:30  INFO 5080 --- [RentRead] [main] com.zaxxer.hikari.HikariDataSource       : HikariPool-1 - Start completed.
2024-06-27T20:10:30.961+05:30  INFO 5080 --- [RentRead] [main] o.h.e.t.j.p.i.JtaPlatformInitiator       : HHH000489: No JTA platform available (set 'hibernate.transaction.jta.platform' to enable JTA platform integration)
2024-06-27T20:10:31.096+05:30  INFO 5080 --- [RentRead] [main] j.LocalContainerEntityManagerFactoryBean : Initialized JPA EntityManagerFactory for persistence unit 'default'
2024-06-27T20:10:31.921+05:30  INFO 5080 --- [RentRead] [main] eAuthenticationProviderManagerConfigurer : Global AuthenticationManager configured with AuthenticationProvider bean with name authenticationProvider
2024-06-27T20:10:31.922+05:30  WARN 5080 --- [RentRead] [main] r$InitializeUserDetailsManagerConfigurer : Global AuthenticationManager configured with an AuthenticationProvider bean. UserDetailsService beans will not be used for username/password login. Consider removing the AuthenticationProvider bean. Alternatively, consider using the UserDetailsService in a manually instantiated DaoAuthenticationProvider.
2024-06-27T20:10:32.051+05:30  WARN 5080 --- [RentRead] [main] JpaBaseConfiguration$JpaWebConfiguration : spring.jpa.open-in-view is enabled by default. Therefore, database queries may be performed during view rendering. Explicitly configure spring.jpa.open-in-view to disable this warning
2024-06-27T20:10:32.760+05:30  INFO 5080 --- [RentRead] [main] o.s.s.web.DefaultSecurityFilterChain     : Will secure any request with [org.springframework.security.web.session.DisableEncodeUrlFilter@3b9c386d, org.springframework.security.web.context.request.async.WebAsyncManagerIntegrationFilter@7fb28ed, org.springframework.security.web.context.SecurityContextHolderFilter@1415f18d, org.springframework.security.web.header.HeaderWriterFilter@1a6df932, org.springframework.web.filter.CorsFilter@536f389, org.springframework.security.web.authentication.logout.LogoutFilter@771ede0d, org.springframework.security.web.authentication.www.BasicAuthenticationFilter@6d7a343f, org.springframework.security.web.savedrequest.RequestCacheAwareFilter@533690d, org.springframework.security.web.servletapi.SecurityContextHolderAwareRequestFilter@40304938, org.springframework.security.web.authentication.AnonymousAuthenticationFilter@2b33f7a0, org.springframework.security.web.access.ExceptionTranslationFilter@61e4a072, org.springframework.security.web.access.intercept.AuthorizationFilter@79169472]
2024-06-27T20:10:33.280+05:30  INFO 5080 --- [RentRead] [main] o.s.b.w.embedded.tomcat.TomcatWebServer  : Tomcat started on port 8080 (http) with context path '/'
2024-06-27T20:10:33.290+05:30  INFO 5080 --- [RentRead] [main] c.rishav.RentRead.RentReadApplication    : Started RentReadApplication in 19.132 seconds (process running for 22.235)
2024-06-27T20:10:35.885+05:30  INFO 5080 --- [RentRead] [http-nio-8080-exec-1] o.a.c.c.C.[Tomcat].[localhost].[/]       : Initializing Spring DispatcherServlet 'dispatcherServlet'
2024-06-27T20:10:35.886+05:30  INFO 5080 --- [RentRead] [http-nio-8080-exec-1] o.s.web.servlet.DispatcherServlet        : Initializing Servlet 'dispatcherServlet'
2024-06-27T20:10:35.889+05:30  INFO 5080 --- [RentRead] [http-nio-8080-exec-1] o.s.web.servlet.DispatcherServlet        : Completed initialization in 3 ms
2024-06-27T20:10:37.514+05:30  INFO 5080 --- [RentRead] [http-nio-8080-exec-1] c.r.RentRead.Controller.BookController   : User b is attempting to rent book with ID: 1
2024-06-27T20:10:37.838+05:30  INFO 5080 --- [RentRead] [http-nio-8080-exec-1] c.r.RentRead.Controller.BookController   : User b has successfully rented the book with ID: 1
2024-06-27T20:10:45.658+05:30  INFO 5080 --- [RentRead] [http-nio-8080-exec-2] c.r.RentRead.Controller.BookController   : User b is attempting to rent book with ID: 2
2024-06-27T20:10:45.778+05:30  INFO 5080 --- [RentRead] [http-nio-8080-exec-2] c.r.RentRead.Controller.BookController   : User b has successfully rented the book with ID: 2
2024-06-27T20:10:49.927+05:30  INFO 5080 --- [RentRead] [http-nio-8080-exec-3] c.r.RentRead.Controller.BookController   : User b is attempting to rent book with ID: 3
2024-06-27T20:11:30.648+05:30  INFO 5080 --- [RentRead] [http-nio-8080-exec-4] c.r.RentRead.Controller.BookController   : User b is attempting to rent book with ID: 3
2024-06-27T20:13:15.809+05:30  INFO 11456 --- [RentRead] [main] c.rishav.RentRead.RentReadApplication    : Starting RentReadApplication using Java 21 with PID 11456 (C:\Users\LENOVO\OneDrive\Documents\workspace\RentRead2\build\classes\java\main started by LENOVO in C:\Users\LENOVO\OneDrive\Documents\workspace\RentRead2)
2024-06-27T20:13:15.817+05:30 DEBUG 11456 --- [RentRead] [main] c.rishav.RentRead.RentReadApplication    : Running with Spring Boot v3.3.0, Spring v6.1.8
2024-06-27T20:13:15.820+05:30  INFO 11456 --- [RentRead] [main] c.rishav.RentRead.RentReadApplication    : No active profile set, falling back to 1 default profile: "default"
2024-06-27T20:13:17.961+05:30  INFO 11456 --- [RentRead] [main] .s.d.r.c.RepositoryConfigurationDelegate : Bootstrapping Spring Data JPA repositories in DEFAULT mode.
2024-06-27T20:13:18.073+05:30  INFO 11456 --- [RentRead] [main] .s.d.r.c.RepositoryConfigurationDelegate : Finished Spring Data repository scanning in 97 ms. Found 2 JPA repository interfaces.
2024-06-27T20:13:19.450+05:30  INFO 11456 --- [RentRead] [main] o.s.b.w.embedded.tomcat.TomcatWebServer  : Tomcat initialized with port 8080 (http)
2024-06-27T20:13:19.470+05:30  INFO 11456 --- [RentRead] [main] o.apache.catalina.core.StandardService   : Starting service [Tomcat]
2024-06-27T20:13:19.471+05:30  INFO 11456 --- [RentRead] [main] o.apache.catalina.core.StandardEngine    : Starting Servlet engine: [Apache Tomcat/10.1.24]
2024-06-27T20:13:19.578+05:30  INFO 11456 --- [RentRead] [main] o.a.c.c.C.[Tomcat].[localhost].[/]       : Initializing Spring embedded WebApplicationContext
2024-06-27T20:13:19.578+05:30  INFO 11456 --- [RentRead] [main] w.s.c.ServletWebServerApplicationContext : Root WebApplicationContext: initialization completed in 3662 ms
2024-06-27T20:13:19.922+05:30  INFO 11456 --- [RentRead] [main] o.hibernate.jpa.internal.util.LogHelper  : HHH000204: Processing PersistenceUnitInfo [name: default]
2024-06-27T20:13:20.108+05:30  INFO 11456 --- [RentRead] [main] org.hibernate.Version                    : HHH000412: Hibernate ORM core version 6.5.2.Final
2024-06-27T20:13:20.370+05:30  INFO 11456 --- [RentRead] [main] o.h.c.internal.RegionFactoryInitiator    : HHH000026: Second-level cache disabled
2024-06-27T20:13:21.261+05:30  INFO 11456 --- [RentRead] [main] o.s.o.j.p.SpringPersistenceUnitInfo      : No LoadTimeWeaver setup: ignoring JPA class transformer
2024-06-27T20:13:21.328+05:30  INFO 11456 --- [RentRead] [main] com.zaxxer.hikari.HikariDataSource       : HikariPool-1 - Starting...
2024-06-27T20:13:21.986+05:30  INFO 11456 --- [RentRead] [main] com.zaxxer.hikari.pool.HikariPool        : HikariPool-1 - Added connection com.mysql.cj.jdbc.ConnectionImpl@52657d5f
2024-06-27T20:13:21.989+05:30  INFO 11456 --- [RentRead] [main] com.zaxxer.hikari.HikariDataSource       : HikariPool-1 - Start completed.
2024-06-27T20:13:24.598+05:30  INFO 11456 --- [RentRead] [main] o.h.e.t.j.p.i.JtaPlatformInitiator       : HHH000489: No JTA platform available (set 'hibernate.transaction.jta.platform' to enable JTA platform integration)
2024-06-27T20:13:24.853+05:30  INFO 11456 --- [RentRead] [main] j.LocalContainerEntityManagerFactoryBean : Initialized JPA EntityManagerFactory for persistence unit 'default'
2024-06-27T20:13:25.684+05:30  INFO 11456 --- [RentRead] [main] eAuthenticationProviderManagerConfigurer : Global AuthenticationManager configured with AuthenticationProvider bean with name authenticationProvider
2024-06-27T20:13:25.686+05:30  WARN 11456 --- [RentRead] [main] r$InitializeUserDetailsManagerConfigurer : Global AuthenticationManager configured with an AuthenticationProvider bean. UserDetailsService beans will not be used for username/password login. Consider removing the AuthenticationProvider bean. Alternatively, consider using the UserDetailsService in a manually instantiated DaoAuthenticationProvider.
2024-06-27T20:13:25.877+05:30  WARN 11456 --- [RentRead] [main] JpaBaseConfiguration$JpaWebConfiguration : spring.jpa.open-in-view is enabled by default. Therefore, database queries may be performed during view rendering. Explicitly configure spring.jpa.open-in-view to disable this warning
2024-06-27T20:13:26.755+05:30  INFO 11456 --- [RentRead] [main] o.s.s.web.DefaultSecurityFilterChain     : Will secure any request with [org.springframework.security.web.session.DisableEncodeUrlFilter@6f6998b6, org.springframework.security.web.context.request.async.WebAsyncManagerIntegrationFilter@60493524, org.springframework.security.web.context.SecurityContextHolderFilter@75708130, org.springframework.security.web.header.HeaderWriterFilter@40273969, org.springframework.web.filter.CorsFilter@1da5635e, org.springframework.security.web.authentication.logout.LogoutFilter@5825932c, org.springframework.security.web.authentication.www.BasicAuthenticationFilter@2f541f60, org.springframework.security.web.savedrequest.RequestCacheAwareFilter@40304938, org.springframework.security.web.servletapi.SecurityContextHolderAwareRequestFilter@257da215, org.springframework.security.web.authentication.AnonymousAuthenticationFilter@7c35d7d, org.springframework.security.web.access.ExceptionTranslationFilter@3bf306d3, org.springframework.security.web.access.intercept.AuthorizationFilter@edf4973]
2024-06-27T20:13:27.684+05:30  INFO 11456 --- [RentRead] [main] o.s.b.w.embedded.tomcat.TomcatWebServer  : Tomcat started on port 8080 (http) with context path '/'
2024-06-27T20:13:27.695+05:30  INFO 11456 --- [RentRead] [main] c.rishav.RentRead.RentReadApplication    : Started RentReadApplication in 12.794 seconds (process running for 13.684)
2024-06-27T20:13:28.239+05:30  INFO 11456 --- [RentRead] [http-nio-8080-exec-1] o.a.c.c.C.[Tomcat].[localhost].[/]       : Initializing Spring DispatcherServlet 'dispatcherServlet'
2024-06-27T20:13:28.239+05:30  INFO 11456 --- [RentRead] [http-nio-8080-exec-1] o.s.web.servlet.DispatcherServlet        : Initializing Servlet 'dispatcherServlet'
2024-06-27T20:13:28.240+05:30  INFO 11456 --- [RentRead] [http-nio-8080-exec-1] o.s.web.servlet.DispatcherServlet        : Completed initialization in 1 ms
2024-06-27T20:15:02.070+05:30  INFO 17004 --- [RentRead] [main] c.rishav.RentRead.RentReadApplication    : Starting RentReadApplication using Java 21 with PID 17004 (C:\Users\LENOVO\OneDrive\Documents\workspace\RentRead2\build\classes\java\main started by LENOVO in C:\Users\LENOVO\OneDrive\Documents\workspace\RentRead2)
2024-06-27T20:15:02.074+05:30 DEBUG 17004 --- [RentRead] [main] c.rishav.RentRead.RentReadApplication    : Running with Spring Boot v3.3.0, Spring v6.1.8
2024-06-27T20:15:02.075+05:30  INFO 17004 --- [RentRead] [main] c.rishav.RentRead.RentReadApplication    : No active profile set, falling back to 1 default profile: "default"
2024-06-27T20:15:03.743+05:30  INFO 17004 --- [RentRead] [main] .s.d.r.c.RepositoryConfigurationDelegate : Bootstrapping Spring Data JPA repositories in DEFAULT mode.
2024-06-27T20:15:03.872+05:30  INFO 17004 --- [RentRead] [main] .s.d.r.c.RepositoryConfigurationDelegate : Finished Spring Data repository scanning in 115 ms. Found 2 JPA repository interfaces.
2024-06-27T20:15:05.340+05:30  INFO 17004 --- [RentRead] [main] o.s.b.w.embedded.tomcat.TomcatWebServer  : Tomcat initialized with port 8080 (http)
2024-06-27T20:15:05.364+05:30  INFO 17004 --- [RentRead] [main] o.apache.catalina.core.StandardService   : Starting service [Tomcat]
2024-06-27T20:15:05.365+05:30  INFO 17004 --- [RentRead] [main] o.apache.catalina.core.StandardEngine    : Starting Servlet engine: [Apache Tomcat/10.1.24]
2024-06-27T20:15:05.508+05:30  INFO 17004 --- [RentRead] [main] o.a.c.c.C.[Tomcat].[localhost].[/]       : Initializing Spring embedded WebApplicationContext
2024-06-27T20:15:05.509+05:30  INFO 17004 --- [RentRead] [main] w.s.c.ServletWebServerApplicationContext : Root WebApplicationContext: initialization completed in 3320 ms
2024-06-27T20:15:05.939+05:30  INFO 17004 --- [RentRead] [main] o.hibernate.jpa.internal.util.LogHelper  : HHH000204: Processing PersistenceUnitInfo [name: default]
2024-06-27T20:15:06.047+05:30  INFO 17004 --- [RentRead] [main] org.hibernate.Version                    : HHH000412: Hibernate ORM core version 6.5.2.Final
2024-06-27T20:15:06.118+05:30  INFO 17004 --- [RentRead] [main] o.h.c.internal.RegionFactoryInitiator    : HHH000026: Second-level cache disabled
2024-06-27T20:15:06.710+05:30  INFO 17004 --- [RentRead] [main] o.s.o.j.p.SpringPersistenceUnitInfo      : No LoadTimeWeaver setup: ignoring JPA class transformer
2024-06-27T20:15:06.759+05:30  INFO 17004 --- [RentRead] [main] com.zaxxer.hikari.HikariDataSource       : HikariPool-1 - Starting...
2024-06-27T20:15:08.240+05:30  INFO 17004 --- [RentRead] [main] com.zaxxer.hikari.pool.HikariPool        : HikariPool-1 - Added connection com.mysql.cj.jdbc.ConnectionImpl@65af05b2
2024-06-27T20:15:08.244+05:30  INFO 17004 --- [RentRead] [main] com.zaxxer.hikari.HikariDataSource       : HikariPool-1 - Start completed.
2024-06-27T20:15:10.373+05:30  INFO 17004 --- [RentRead] [main] o.h.e.t.j.p.i.JtaPlatformInitiator       : HHH000489: No JTA platform available (set 'hibernate.transaction.jta.platform' to enable JTA platform integration)
2024-06-27T20:15:10.504+05:30  INFO 17004 --- [RentRead] [main] j.LocalContainerEntityManagerFactoryBean : Initialized JPA EntityManagerFactory for persistence unit 'default'
2024-06-27T20:15:11.199+05:30  INFO 17004 --- [RentRead] [main] eAuthenticationProviderManagerConfigurer : Global AuthenticationManager configured with AuthenticationProvider bean with name authenticationProvider
2024-06-27T20:15:11.200+05:30  WARN 17004 --- [RentRead] [main] r$InitializeUserDetailsManagerConfigurer : Global AuthenticationManager configured with an AuthenticationProvider bean. UserDetailsService beans will not be used for username/password login. Consider removing the AuthenticationProvider bean. Alternatively, consider using the UserDetailsService in a manually instantiated DaoAuthenticationProvider.
2024-06-27T20:15:11.363+05:30  WARN 17004 --- [RentRead] [main] JpaBaseConfiguration$JpaWebConfiguration : spring.jpa.open-in-view is enabled by default. Therefore, database queries may be performed during view rendering. Explicitly configure spring.jpa.open-in-view to disable this warning
2024-06-27T20:15:12.142+05:30  INFO 17004 --- [RentRead] [main] o.s.s.web.DefaultSecurityFilterChain     : Will secure any request with [org.springframework.security.web.session.DisableEncodeUrlFilter@29767156, org.springframework.security.web.context.request.async.WebAsyncManagerIntegrationFilter@6f6998b6, org.springframework.security.web.context.SecurityContextHolderFilter@7da40bf4, org.springframework.security.web.header.HeaderWriterFilter@5101b9, org.springframework.web.filter.CorsFilter@60493524, org.springframework.security.web.authentication.logout.LogoutFilter@7bb888b7, org.springframework.security.web.authentication.www.BasicAuthenticationFilter@71b6edfb, org.springframework.security.web.savedrequest.RequestCacheAwareFilter@c651286, org.springframework.security.web.servletapi.SecurityContextHolderAwareRequestFilter@2d6e09f0, org.springframework.security.web.authentication.AnonymousAuthenticationFilter@1da5635e, org.springframework.security.web.access.ExceptionTranslationFilter@533690d, org.springframework.security.web.access.intercept.AuthorizationFilter@55159007]
2024-06-27T20:15:13.086+05:30  INFO 17004 --- [RentRead] [main] o.s.b.w.embedded.tomcat.TomcatWebServer  : Tomcat started on port 8080 (http) with context path '/'
2024-06-27T20:15:13.109+05:30  INFO 17004 --- [RentRead] [main] c.rishav.RentRead.RentReadApplication    : Started RentReadApplication in 11.892 seconds (process running for 12.751)
2024-06-27T20:15:15.088+05:30  INFO 17004 --- [RentRead] [http-nio-8080-exec-1] o.a.c.c.C.[Tomcat].[localhost].[/]       : Initializing Spring DispatcherServlet 'dispatcherServlet'
2024-06-27T20:15:15.089+05:30  INFO 17004 --- [RentRead] [http-nio-8080-exec-1] o.s.web.servlet.DispatcherServlet        : Initializing Servlet 'dispatcherServlet'
2024-06-27T20:15:15.091+05:30  INFO 17004 --- [RentRead] [http-nio-8080-exec-1] o.s.web.servlet.DispatcherServlet        : Completed initialization in 2 ms
2024-06-27T20:15:15.224+05:30  INFO 17004 --- [RentRead] [http-nio-8080-exec-1] c.r.RentRead.Controller.BookController   : Getting all books
2024-06-27T20:15:15.655+05:30  INFO 17004 --- [RentRead] [http-nio-8080-exec-1] c.r.RentRead.Controller.BookController   : Books fetched successfully
2024-06-27T20:17:57.284+05:30  INFO 17004 --- [RentRead] [http-nio-8080-exec-2] c.r.RentRead.Controller.BookController   : Getting all books
2024-06-27T20:17:57.297+05:30  INFO 17004 --- [RentRead] [http-nio-8080-exec-2] c.r.RentRead.Controller.BookController   : Books fetched successfully
2024-06-27T20:18:14.906+05:30  INFO 17004 --- [RentRead] [http-nio-8080-exec-3] c.r.RentRead.Controller.BookController   : Getting all books
2024-06-27T20:18:14.920+05:30  INFO 17004 --- [RentRead] [http-nio-8080-exec-3] c.r.RentRead.Controller.BookController   : Books fetched successfully
2024-06-27T20:21:55.669+05:30  INFO 17004 --- [RentRead] [http-nio-8080-exec-7] c.r.RentRead.Controller.AuthController   : Registering user: RegisterRequest(firstname=c, lastname=c, email=c, password=c, role=ADMIN)
2024-06-27T20:21:56.666+05:30  INFO 17004 --- [RentRead] [http-nio-8080-exec-7] c.r.RentRead.Controller.AuthController   : User registered successfully: User(id=52, firstname=c, lastname=c, email=c, password=$2a$10$Du9J/hbgNvVqkJeuSiQl2OG/MUKiJQVIxayNDsjjL.e0D1o0NiDAG, role=ADMIN, books=null)
2024-06-27T20:24:12.983+05:30  WARN 17004 --- [RentRead] [http-nio-8080-exec-10] .w.s.m.s.DefaultHandlerExceptionResolver : Resolved [org.springframework.http.converter.HttpMessageNotReadableException: Required request body is missing: public java.lang.String com.rishav.RentRead.Controller.AuthController.login(com.rishav.RentRead.Controller.exchanges.AuthRequest)]
2024-06-27T20:24:26.532+05:30  WARN 17004 --- [RentRead] [http-nio-8080-exec-2] .w.s.m.s.DefaultHandlerExceptionResolver : Resolved [org.springframework.http.converter.HttpMessageNotReadableException: Required request body is missing: public java.lang.String com.rishav.RentRead.Controller.AuthController.login(com.rishav.RentRead.Controller.exchanges.AuthRequest)]
2024-06-27T20:25:15.623+05:30  WARN 17004 --- [RentRead] [http-nio-8080-exec-4] .w.s.m.s.DefaultHandlerExceptionResolver : Resolved [org.springframework.http.converter.HttpMessageNotReadableException: Required request body is missing: public java.lang.String com.rishav.RentRead.Controller.AuthController.login(com.rishav.RentRead.Controller.exchanges.AuthRequest)]
2024-06-27T20:25:27.779+05:30  WARN 17004 --- [RentRead] [http-nio-8080-exec-3] .w.s.m.s.DefaultHandlerExceptionResolver : Resolved [org.springframework.http.converter.HttpMessageNotReadableException: Required request body is missing: public java.lang.String com.rishav.RentRead.Controller.AuthController.login(com.rishav.RentRead.Controller.exchanges.AuthRequest)]
2024-06-27T20:28:01.544+05:30  INFO 17004 --- [RentRead] [http-nio-8080-exec-8] c.r.RentRead.Controller.AuthController   : Logging in user: a
2024-06-27T20:28:01.695+05:30  INFO 17004 --- [RentRead] [http-nio-8080-exec-8] c.r.RentRead.Controller.AuthController   : User logged in successfully: a
2024-06-27T20:30:45.952+05:30  INFO 17004 --- [RentRead] [http-nio-8080-exec-1] c.r.RentRead.Controller.BookController   : Admin is attempting to create a new book with ID: null
2024-06-27T20:30:46.120+05:30  INFO 17004 --- [RentRead] [http-nio-8080-exec-1] c.r.RentRead.Controller.BookController   : Admin has created a new book with ID: 5
2024-06-27T20:34:32.733+05:30  INFO 17004 --- [RentRead] [http-nio-8080-exec-3] c.r.RentRead.Controller.BookController   : User b is attempting to rent book with ID: 3
2024-06-27T20:34:44.285+05:30  INFO 17004 --- [RentRead] [http-nio-8080-exec-5] c.r.RentRead.Controller.BookController   : User a is attempting to rent book with ID: 3
2024-06-27T20:34:44.502+05:30  INFO 17004 --- [RentRead] [http-nio-8080-exec-5] c.r.RentRead.Controller.BookController   : User a has successfully rented the book with ID: 3
2024-06-27T20:39:44.135+05:30  INFO 17004 --- [RentRead] [http-nio-8080-exec-2] c.r.RentRead.Controller.BookController   : Admin is attempting to delete the book with ID: 1
2024-06-27T20:39:44.326+05:30  INFO 17004 --- [RentRead] [http-nio-8080-exec-2] c.r.RentRead.Controller.BookController   : Admin has deleted the book with ID: 1
2024-06-27T21:03:57.304+05:30  INFO 2684 --- [RentRead] [Test worker] c.r.RentRead.RentReadApplicationTests    : Starting RentReadApplicationTests using Java 21 with PID 2684 (started by LENOVO in C:\Users\LENOVO\OneDrive\Documents\workspace\RentRead2)
2024-06-27T21:03:57.315+05:30 DEBUG 2684 --- [RentRead] [Test worker] c.r.RentRead.RentReadApplicationTests    : Running with Spring Boot v3.3.0, Spring v6.1.8
2024-06-27T21:03:57.317+05:30  INFO 2684 --- [RentRead] [Test worker] c.r.RentRead.RentReadApplicationTests    : No active profile set, falling back to 1 default profile: "default"
2024-06-27T21:03:59.922+05:30  INFO 2684 --- [RentRead] [Test worker] .s.d.r.c.RepositoryConfigurationDelegate : Bootstrapping Spring Data JPA repositories in DEFAULT mode.
2024-06-27T21:04:00.104+05:30  INFO 2684 --- [RentRead] [Test worker] .s.d.r.c.RepositoryConfigurationDelegate : Finished Spring Data repository scanning in 163 ms. Found 2 JPA repository interfaces.
2024-06-27T21:04:01.689+05:30  INFO 2684 --- [RentRead] [Test worker] o.hibernate.jpa.internal.util.LogHelper  : HHH000204: Processing PersistenceUnitInfo [name: default]
2024-06-27T21:04:01.970+05:30  INFO 2684 --- [RentRead] [Test worker] org.hibernate.Version                    : HHH000412: Hibernate ORM core version 6.5.2.Final
2024-06-27T21:04:02.131+05:30  INFO 2684 --- [RentRead] [Test worker] o.h.c.internal.RegionFactoryInitiator    : HHH000026: Second-level cache disabled
2024-06-27T21:04:02.853+05:30  INFO 2684 --- [RentRead] [Test worker] o.s.o.j.p.SpringPersistenceUnitInfo      : No LoadTimeWeaver setup: ignoring JPA class transformer
2024-06-27T21:04:02.940+05:30  INFO 2684 --- [RentRead] [Test worker] com.zaxxer.hikari.HikariDataSource       : HikariPool-1 - Starting...
2024-06-27T21:04:05.045+05:30  INFO 2684 --- [RentRead] [Test worker] com.zaxxer.hikari.pool.HikariPool        : HikariPool-1 - Added connection com.mysql.cj.jdbc.ConnectionImpl@5cc669d
2024-06-27T21:04:05.051+05:30  INFO 2684 --- [RentRead] [Test worker] com.zaxxer.hikari.HikariDataSource       : HikariPool-1 - Start completed.
2024-06-27T21:04:07.640+05:30  INFO 2684 --- [RentRead] [Test worker] o.h.e.t.j.p.i.JtaPlatformInitiator       : HHH000489: No JTA platform available (set 'hibernate.transaction.jta.platform' to enable JTA platform integration)
2024-06-27T21:04:07.846+05:30  INFO 2684 --- [RentRead] [Test worker] j.LocalContainerEntityManagerFactoryBean : Initialized JPA EntityManagerFactory for persistence unit 'default'
2024-06-27T21:04:09.005+05:30  INFO 2684 --- [RentRead] [Test worker] eAuthenticationProviderManagerConfigurer : Global AuthenticationManager configured with AuthenticationProvider bean with name authenticationProvider
2024-06-27T21:04:09.008+05:30  WARN 2684 --- [RentRead] [Test worker] r$InitializeUserDetailsManagerConfigurer : Global AuthenticationManager configured with an AuthenticationProvider bean. UserDetailsService beans will not be used for username/password login. Consider removing the AuthenticationProvider bean. Alternatively, consider using the UserDetailsService in a manually instantiated DaoAuthenticationProvider.
2024-06-27T21:04:09.177+05:30  WARN 2684 --- [RentRead] [Test worker] JpaBaseConfiguration$JpaWebConfiguration : spring.jpa.open-in-view is enabled by default. Therefore, database queries may be performed during view rendering. Explicitly configure spring.jpa.open-in-view to disable this warning
2024-06-27T21:04:10.392+05:30  INFO 2684 --- [RentRead] [Test worker] o.s.s.web.DefaultSecurityFilterChain     : Will secure any request with [org.springframework.security.web.session.DisableEncodeUrlFilter@105e9fef, org.springframework.security.web.context.request.async.WebAsyncManagerIntegrationFilter@47858d7c, org.springframework.security.web.context.SecurityContextHolderFilter@5784f6b9, org.springframework.security.web.header.HeaderWriterFilter@1633962a, org.springframework.web.filter.CorsFilter@5a5cd0af, org.springframework.security.web.authentication.logout.LogoutFilter@5f9cb96f, org.springframework.security.web.authentication.www.BasicAuthenticationFilter@55c901b2, org.springframework.security.web.savedrequest.RequestCacheAwareFilter@1b7c1c6f, org.springframework.security.web.servletapi.SecurityContextHolderAwareRequestFilter@48a2fb11, org.springframework.security.web.authentication.AnonymousAuthenticationFilter@16cc5e51, org.springframework.security.web.access.ExceptionTranslationFilter@276ae21c, org.springframework.security.web.access.intercept.AuthorizationFilter@1b61a646]
2024-06-27T21:04:11.411+05:30  INFO 2684 --- [RentRead] [Test worker] c.r.RentRead.RentReadApplicationTests    : Started RentReadApplicationTests in 14.924 seconds (process running for 26.494)
2024-06-27T21:04:11.507+05:30  INFO 2684 --- [RentRead] [SpringApplicationShutdownHook] j.LocalContainerEntityManagerFactoryBean : Closing JPA EntityManagerFactory for persistence unit 'default'
2024-06-27T21:04:11.511+05:30  INFO 2684 --- [RentRead] [SpringApplicationShutdownHook] com.zaxxer.hikari.HikariDataSource       : HikariPool-1 - Shutdown initiated...
2024-06-27T21:04:11.556+05:30  INFO 2684 --- [RentRead] [SpringApplicationShutdownHook] com.zaxxer.hikari.HikariDataSource       : HikariPool-1 - Shutdown completed.
2024-06-27T21:06:17.958+05:30  INFO 1624 --- [RentRead] [Test worker] c.r.RentRead.RentReadApplicationTests    : Starting RentReadApplicationTests using Java 21 with PID 1624 (started by LENOVO in C:\Users\LENOVO\OneDrive\Documents\workspace\RentRead2)
2024-06-27T21:06:17.960+05:30 DEBUG 1624 --- [RentRead] [Test worker] c.r.RentRead.RentReadApplicationTests    : Running with Spring Boot v3.3.0, Spring v6.1.8
2024-06-27T21:06:17.962+05:30  INFO 1624 --- [RentRead] [Test worker] c.r.RentRead.RentReadApplicationTests    : No active profile set, falling back to 1 default profile: "default"
2024-06-27T21:06:20.175+05:30  INFO 1624 --- [RentRead] [Test worker] .s.d.r.c.RepositoryConfigurationDelegate : Bootstrapping Spring Data JPA repositories in DEFAULT mode.
2024-06-27T21:06:20.326+05:30  INFO 1624 --- [RentRead] [Test worker] .s.d.r.c.RepositoryConfigurationDelegate : Finished Spring Data repository scanning in 129 ms. Found 2 JPA repository interfaces.
2024-06-27T21:06:21.598+05:30  INFO 1624 --- [RentRead] [Test worker] o.hibernate.jpa.internal.util.LogHelper  : HHH000204: Processing PersistenceUnitInfo [name: default]
2024-06-27T21:06:21.787+05:30  INFO 1624 --- [RentRead] [Test worker] org.hibernate.Version                    : HHH000412: Hibernate ORM core version 6.5.2.Final
2024-06-27T21:06:21.895+05:30  INFO 1624 --- [RentRead] [Test worker] o.h.c.internal.RegionFactoryInitiator    : HHH000026: Second-level cache disabled
2024-06-27T21:06:22.281+05:30  INFO 1624 --- [RentRead] [Test worker] o.s.o.j.p.SpringPersistenceUnitInfo      : No LoadTimeWeaver setup: ignoring JPA class transformer
2024-06-27T21:06:22.359+05:30  INFO 1624 --- [RentRead] [Test worker] com.zaxxer.hikari.HikariDataSource       : HikariPool-1 - Starting...
2024-06-27T21:06:23.401+05:30  INFO 1624 --- [RentRead] [Test worker] com.zaxxer.hikari.pool.HikariPool        : HikariPool-1 - Added connection com.mysql.cj.jdbc.ConnectionImpl@7e514482
2024-06-27T21:06:23.407+05:30  INFO 1624 --- [RentRead] [Test worker] com.zaxxer.hikari.HikariDataSource       : HikariPool-1 - Start completed.
2024-06-27T21:06:25.889+05:30  INFO 1624 --- [RentRead] [Test worker] o.h.e.t.j.p.i.JtaPlatformInitiator       : HHH000489: No JTA platform available (set 'hibernate.transaction.jta.platform' to enable JTA platform integration)
2024-06-27T21:06:26.149+05:30  INFO 1624 --- [RentRead] [Test worker] j.LocalContainerEntityManagerFactoryBean : Initialized JPA EntityManagerFactory for persistence unit 'default'
2024-06-27T21:06:27.142+05:30  INFO 1624 --- [RentRead] [Test worker] eAuthenticationProviderManagerConfigurer : Global AuthenticationManager configured with AuthenticationProvider bean with name authenticationProvider
2024-06-27T21:06:27.151+05:30  WARN 1624 --- [RentRead] [Test worker] r$InitializeUserDetailsManagerConfigurer : Global AuthenticationManager configured with an AuthenticationProvider bean. UserDetailsService beans will not be used for username/password login. Consider removing the AuthenticationProvider bean. Alternatively, consider using the UserDetailsService in a manually instantiated DaoAuthenticationProvider.
2024-06-27T21:06:27.353+05:30  WARN 1624 --- [RentRead] [Test worker] JpaBaseConfiguration$JpaWebConfiguration : spring.jpa.open-in-view is enabled by default. Therefore, database queries may be performed during view rendering. Explicitly configure spring.jpa.open-in-view to disable this warning
2024-06-27T21:06:28.261+05:30  INFO 1624 --- [RentRead] [Test worker] o.s.s.web.DefaultSecurityFilterChain     : Will secure any request with [org.springframework.security.web.session.DisableEncodeUrlFilter@7280785f, org.springframework.security.web.context.request.async.WebAsyncManagerIntegrationFilter@589dd717, org.springframework.security.web.context.SecurityContextHolderFilter@4d71476c, org.springframework.security.web.header.HeaderWriterFilter@48a2fb11, org.springframework.web.filter.CorsFilter@4eba6e1f, org.springframework.security.web.authentication.logout.LogoutFilter@38c840fb, org.springframework.security.web.authentication.www.BasicAuthenticationFilter@3503e68e, org.springframework.security.web.savedrequest.RequestCacheAwareFilter@cede70a, org.springframework.security.web.servletapi.SecurityContextHolderAwareRequestFilter@56554e7, org.springframework.security.web.authentication.AnonymousAuthenticationFilter@12c55199, org.springframework.security.web.access.ExceptionTranslationFilter@1b7c1c6f, org.springframework.security.web.access.intercept.AuthorizationFilter@1268ac94]
2024-06-27T21:06:29.306+05:30  INFO 1624 --- [RentRead] [Test worker] c.r.RentRead.RentReadApplicationTests    : Started RentReadApplicationTests in 12.05 seconds (process running for 21.387)
2024-06-27T21:06:29.401+05:30  INFO 1624 --- [RentRead] [SpringApplicationShutdownHook] j.LocalContainerEntityManagerFactoryBean : Closing JPA EntityManagerFactory for persistence unit 'default'
2024-06-27T21:06:29.406+05:30  INFO 1624 --- [RentRead] [SpringApplicationShutdownHook] com.zaxxer.hikari.HikariDataSource       : HikariPool-1 - Shutdown initiated...
2024-06-27T21:06:29.447+05:30  INFO 1624 --- [RentRead] [SpringApplicationShutdownHook] com.zaxxer.hikari.HikariDataSource       : HikariPool-1 - Shutdown completed.
2024-06-27T21:11:24.550+05:30  INFO 13348 --- [RentRead] [Test worker] c.r.RentRead.RentReadApplicationTests    : Starting RentReadApplicationTests using Java 21 with PID 13348 (started by LENOVO in C:\Users\LENOVO\OneDrive\Documents\workspace\RentRead2)
2024-06-27T21:11:24.553+05:30 DEBUG 13348 --- [RentRead] [Test worker] c.r.RentRead.RentReadApplicationTests    : Running with Spring Boot v3.3.0, Spring v6.1.8
2024-06-27T21:11:24.555+05:30  INFO 13348 --- [RentRead] [Test worker] c.r.RentRead.RentReadApplicationTests    : No active profile set, falling back to 1 default profile: "default"
2024-06-27T21:11:26.729+05:30  INFO 13348 --- [RentRead] [Test worker] .s.d.r.c.RepositoryConfigurationDelegate : Bootstrapping Spring Data JPA repositories in DEFAULT mode.
2024-06-27T21:11:26.864+05:30  INFO 13348 --- [RentRead] [Test worker] .s.d.r.c.RepositoryConfigurationDelegate : Finished Spring Data repository scanning in 116 ms. Found 2 JPA repository interfaces.
2024-06-27T21:11:28.204+05:30  INFO 13348 --- [RentRead] [Test worker] o.hibernate.jpa.internal.util.LogHelper  : HHH000204: Processing PersistenceUnitInfo [name: default]
2024-06-27T21:11:28.392+05:30  INFO 13348 --- [RentRead] [Test worker] org.hibernate.Version                    : HHH000412: Hibernate ORM core version 6.5.2.Final
2024-06-27T21:11:28.510+05:30  INFO 13348 --- [RentRead] [Test worker] o.h.c.internal.RegionFactoryInitiator    : HHH000026: Second-level cache disabled
2024-06-27T21:11:28.914+05:30  INFO 13348 --- [RentRead] [Test worker] o.s.o.j.p.SpringPersistenceUnitInfo      : No LoadTimeWeaver setup: ignoring JPA class transformer
2024-06-27T21:11:28.988+05:30  INFO 13348 --- [RentRead] [Test worker] com.zaxxer.hikari.HikariDataSource       : HikariPool-1 - Starting...
2024-06-27T21:11:29.978+05:30  INFO 13348 --- [RentRead] [Test worker] com.zaxxer.hikari.pool.HikariPool        : HikariPool-1 - Added connection com.mysql.cj.jdbc.ConnectionImpl@4452e13c
2024-06-27T21:11:29.984+05:30  INFO 13348 --- [RentRead] [Test worker] com.zaxxer.hikari.HikariDataSource       : HikariPool-1 - Start completed.
2024-06-27T21:11:32.720+05:30  INFO 13348 --- [RentRead] [Test worker] o.h.e.t.j.p.i.JtaPlatformInitiator       : HHH000489: No JTA platform available (set 'hibernate.transaction.jta.platform' to enable JTA platform integration)
2024-06-27T21:11:32.858+05:30  INFO 13348 --- [RentRead] [Test worker] j.LocalContainerEntityManagerFactoryBean : Initialized JPA EntityManagerFactory for persistence unit 'default'
2024-06-27T21:11:33.937+05:30  INFO 13348 --- [RentRead] [Test worker] eAuthenticationProviderManagerConfigurer : Global AuthenticationManager configured with AuthenticationProvider bean with name authenticationProvider
2024-06-27T21:11:33.939+05:30  WARN 13348 --- [RentRead] [Test worker] r$InitializeUserDetailsManagerConfigurer : Global AuthenticationManager configured with an AuthenticationProvider bean. UserDetailsService beans will not be used for username/password login. Consider removing the AuthenticationProvider bean. Alternatively, consider using the UserDetailsService in a manually instantiated DaoAuthenticationProvider.
2024-06-27T21:11:34.107+05:30  WARN 13348 --- [RentRead] [Test worker] JpaBaseConfiguration$JpaWebConfiguration : spring.jpa.open-in-view is enabled by default. Therefore, database queries may be performed during view rendering. Explicitly configure spring.jpa.open-in-view to disable this warning
2024-06-27T21:11:35.092+05:30  INFO 13348 --- [RentRead] [Test worker] o.s.s.web.DefaultSecurityFilterChain     : Will secure any request with [org.springframework.security.web.session.DisableEncodeUrlFilter@276ae21c, org.springframework.security.web.context.request.async.WebAsyncManagerIntegrationFilter@1a524c6b, org.springframework.security.web.context.SecurityContextHolderFilter@5e79bdf6, org.springframework.security.web.header.HeaderWriterFilter@72e806, org.springframework.web.filter.CorsFilter@2408ca4c, org.springframework.security.web.authentication.logout.LogoutFilter@647bd553, org.springframework.security.web.authentication.www.BasicAuthenticationFilter@7a68818c, org.springframework.security.web.savedrequest.RequestCacheAwareFilter@3e283f1a, org.springframework.security.web.servletapi.SecurityContextHolderAwareRequestFilter@361065d1, org.springframework.security.web.authentication.AnonymousAuthenticationFilter@2f7e2481, org.springframework.security.web.access.ExceptionTranslationFilter@713323a3, org.springframework.security.web.access.intercept.AuthorizationFilter@280d20fb]
2024-06-27T21:11:36.196+05:30  INFO 13348 --- [RentRead] [Test worker] c.r.RentRead.RentReadApplicationTests    : Started RentReadApplicationTests in 12.365 seconds (process running for 18.932)
2024-06-27T21:11:36.287+05:30  INFO 13348 --- [RentRead] [SpringApplicationShutdownHook] j.LocalContainerEntityManagerFactoryBean : Closing JPA EntityManagerFactory for persistence unit 'default'
2024-06-27T21:11:36.291+05:30  INFO 13348 --- [RentRead] [SpringApplicationShutdownHook] com.zaxxer.hikari.HikariDataSource       : HikariPool-1 - Shutdown initiated...
2024-06-27T21:11:36.335+05:30  INFO 13348 --- [RentRead] [SpringApplicationShutdownHook] com.zaxxer.hikari.HikariDataSource       : HikariPool-1 - Shutdown completed.
2024-06-27T21:12:54.868+05:30  INFO 6576 --- [RentRead] [Test worker] c.r.RentRead.RentReadApplicationTests    : Starting RentReadApplicationTests using Java 21 with PID 6576 (started by LENOVO in C:\Users\LENOVO\OneDrive\Documents\workspace\RentRead2)
2024-06-27T21:12:54.874+05:30 DEBUG 6576 --- [RentRead] [Test worker] c.r.RentRead.RentReadApplicationTests    : Running with Spring Boot v3.3.0, Spring v6.1.8
2024-06-27T21:12:54.879+05:30  INFO 6576 --- [RentRead] [Test worker] c.r.RentRead.RentReadApplicationTests    : No active profile set, falling back to 1 default profile: "default"
2024-06-27T21:12:59.193+05:30  INFO 6576 --- [RentRead] [Test worker] .s.d.r.c.RepositoryConfigurationDelegate : Bootstrapping Spring Data JPA repositories in DEFAULT mode.
2024-06-27T21:12:59.435+05:30  INFO 6576 --- [RentRead] [Test worker] .s.d.r.c.RepositoryConfigurationDelegate : Finished Spring Data repository scanning in 215 ms. Found 2 JPA repository interfaces.
2024-06-27T21:13:00.976+05:30  INFO 6576 --- [RentRead] [Test worker] o.hibernate.jpa.internal.util.LogHelper  : HHH000204: Processing PersistenceUnitInfo [name: default]
2024-06-27T21:13:01.145+05:30  INFO 6576 --- [RentRead] [Test worker] org.hibernate.Version                    : HHH000412: Hibernate ORM core version 6.5.2.Final
2024-06-27T21:13:01.242+05:30  INFO 6576 --- [RentRead] [Test worker] o.h.c.internal.RegionFactoryInitiator    : HHH000026: Second-level cache disabled
2024-06-27T21:13:01.672+05:30  INFO 6576 --- [RentRead] [Test worker] o.s.o.j.p.SpringPersistenceUnitInfo      : No LoadTimeWeaver setup: ignoring JPA class transformer
2024-06-27T21:13:01.801+05:30  INFO 6576 --- [RentRead] [Test worker] com.zaxxer.hikari.HikariDataSource       : HikariPool-1 - Starting...
2024-06-27T21:13:03.010+05:30  INFO 6576 --- [RentRead] [Test worker] com.zaxxer.hikari.pool.HikariPool        : HikariPool-1 - Added connection com.mysql.cj.jdbc.ConnectionImpl@42172065
2024-06-27T21:13:03.016+05:30  INFO 6576 --- [RentRead] [Test worker] com.zaxxer.hikari.HikariDataSource       : HikariPool-1 - Start completed.
2024-06-27T21:13:06.052+05:30  INFO 6576 --- [RentRead] [Test worker] o.h.e.t.j.p.i.JtaPlatformInitiator       : HHH000489: No JTA platform available (set 'hibernate.transaction.jta.platform' to enable JTA platform integration)
2024-06-27T21:13:06.288+05:30  INFO 6576 --- [RentRead] [Test worker] j.LocalContainerEntityManagerFactoryBean : Initialized JPA EntityManagerFactory for persistence unit 'default'
2024-06-27T21:13:07.335+05:30  INFO 6576 --- [RentRead] [Test worker] eAuthenticationProviderManagerConfigurer : Global AuthenticationManager configured with AuthenticationProvider bean with name authenticationProvider
2024-06-27T21:13:07.338+05:30  WARN 6576 --- [RentRead] [Test worker] r$InitializeUserDetailsManagerConfigurer : Global AuthenticationManager configured with an AuthenticationProvider bean. UserDetailsService beans will not be used for username/password login. Consider removing the AuthenticationProvider bean. Alternatively, consider using the UserDetailsService in a manually instantiated DaoAuthenticationProvider.
2024-06-27T21:13:07.543+05:30  WARN 6576 --- [RentRead] [Test worker] JpaBaseConfiguration$JpaWebConfiguration : spring.jpa.open-in-view is enabled by default. Therefore, database queries may be performed during view rendering. Explicitly configure spring.jpa.open-in-view to disable this warning
2024-06-27T21:13:08.725+05:30  INFO 6576 --- [RentRead] [Test worker] o.s.s.web.DefaultSecurityFilterChain     : Will secure any request with [org.springframework.security.web.session.DisableEncodeUrlFilter@11034fdb, org.springframework.security.web.context.request.async.WebAsyncManagerIntegrationFilter@276ae21c, org.springframework.security.web.context.SecurityContextHolderFilter@3dc976da, org.springframework.security.web.header.HeaderWriterFilter@3d2bcf0a, org.springframework.web.filter.CorsFilter@1a524c6b, org.springframework.security.web.authentication.logout.LogoutFilter@4b391e45, org.springframework.security.web.authentication.www.BasicAuthenticationFilter@5d3c0735, org.springframework.security.web.savedrequest.RequestCacheAwareFilter@495c4ce7, org.springframework.security.web.servletapi.SecurityContextHolderAwareRequestFilter@61ee9672, org.springframework.security.web.authentication.AnonymousAuthenticationFilter@2408ca4c, org.springframework.security.web.access.ExceptionTranslationFilter@7fe75649, org.springframework.security.web.access.intercept.AuthorizationFilter@150963fe]
2024-06-27T21:13:10.179+05:30  INFO 6576 --- [RentRead] [Test worker] c.r.RentRead.RentReadApplicationTests    : Started RentReadApplicationTests in 16.748 seconds (process running for 28.452)
2024-06-27T21:13:10.262+05:30  INFO 6576 --- [RentRead] [SpringApplicationShutdownHook] j.LocalContainerEntityManagerFactoryBean : Closing JPA EntityManagerFactory for persistence unit 'default'
2024-06-27T21:13:10.269+05:30  INFO 6576 --- [RentRead] [SpringApplicationShutdownHook] com.zaxxer.hikari.HikariDataSource       : HikariPool-1 - Shutdown initiated...
2024-06-27T21:13:10.287+05:30  INFO 6576 --- [RentRead] [SpringApplicationShutdownHook] com.zaxxer.hikari.HikariDataSource       : HikariPool-1 - Shutdown completed.
2024-06-27T21:38:47.468+05:30  INFO 564 --- [RentRead] [Test worker] c.r.RentRead.RentReadApplicationTests    : Starting RentReadApplicationTests using Java 21 with PID 564 (started by LENOVO in C:\Users\LENOVO\OneDrive\Documents\workspace\RentRead)
2024-06-27T21:38:47.487+05:30 DEBUG 564 --- [RentRead] [Test worker] c.r.RentRead.RentReadApplicationTests    : Running with Spring Boot v3.3.0, Spring v6.1.8
2024-06-27T21:38:47.490+05:30  INFO 564 --- [RentRead] [Test worker] c.r.RentRead.RentReadApplicationTests    : No active profile set, falling back to 1 default profile: "default"
2024-06-27T21:38:51.592+05:30  INFO 564 --- [RentRead] [Test worker] .s.d.r.c.RepositoryConfigurationDelegate : Bootstrapping Spring Data JPA repositories in DEFAULT mode.
2024-06-27T21:38:51.836+05:30  INFO 564 --- [RentRead] [Test worker] .s.d.r.c.RepositoryConfigurationDelegate : Finished Spring Data repository scanning in 209 ms. Found 2 JPA repository interfaces.
2024-06-27T21:38:54.224+05:30  INFO 564 --- [RentRead] [Test worker] o.hibernate.jpa.internal.util.LogHelper  : HHH000204: Processing PersistenceUnitInfo [name: default]
2024-06-27T21:38:54.541+05:30  INFO 564 --- [RentRead] [Test worker] org.hibernate.Version                    : HHH000412: Hibernate ORM core version 6.5.2.Final
2024-06-27T21:38:54.706+05:30  INFO 564 --- [RentRead] [Test worker] o.h.c.internal.RegionFactoryInitiator    : HHH000026: Second-level cache disabled
2024-06-27T21:38:55.366+05:30  INFO 564 --- [RentRead] [Test worker] o.s.o.j.p.SpringPersistenceUnitInfo      : No LoadTimeWeaver setup: ignoring JPA class transformer
2024-06-27T21:38:55.486+05:30  INFO 564 --- [RentRead] [Test worker] com.zaxxer.hikari.HikariDataSource       : HikariPool-1 - Starting...
2024-06-27T21:38:58.830+05:30  INFO 564 --- [RentRead] [Test worker] com.zaxxer.hikari.pool.HikariPool        : HikariPool-1 - Added connection com.mysql.cj.jdbc.ConnectionImpl@c0521e5
2024-06-27T21:38:58.836+05:30  INFO 564 --- [RentRead] [Test worker] com.zaxxer.hikari.HikariDataSource       : HikariPool-1 - Start completed.
2024-06-27T21:39:03.153+05:30  INFO 564 --- [RentRead] [Test worker] o.h.e.t.j.p.i.JtaPlatformInitiator       : HHH000489: No JTA platform available (set 'hibernate.transaction.jta.platform' to enable JTA platform integration)
2024-06-27T21:39:03.397+05:30  INFO 564 --- [RentRead] [Test worker] j.LocalContainerEntityManagerFactoryBean : Initialized JPA EntityManagerFactory for persistence unit 'default'
2024-06-27T21:39:05.330+05:30  INFO 564 --- [RentRead] [Test worker] eAuthenticationProviderManagerConfigurer : Global AuthenticationManager configured with AuthenticationProvider bean with name authenticationProvider
2024-06-27T21:39:05.334+05:30  WARN 564 --- [RentRead] [Test worker] r$InitializeUserDetailsManagerConfigurer : Global AuthenticationManager configured with an AuthenticationProvider bean. UserDetailsService beans will not be used for username/password login. Consider removing the AuthenticationProvider bean. Alternatively, consider using the UserDetailsService in a manually instantiated DaoAuthenticationProvider.
2024-06-27T21:39:05.917+05:30  WARN 564 --- [RentRead] [Test worker] JpaBaseConfiguration$JpaWebConfiguration : spring.jpa.open-in-view is enabled by default. Therefore, database queries may be performed during view rendering. Explicitly configure spring.jpa.open-in-view to disable this warning
2024-06-27T21:39:08.036+05:30  INFO 564 --- [RentRead] [Test worker] o.s.s.web.DefaultSecurityFilterChain     : Will secure any request with [org.springframework.security.web.session.DisableEncodeUrlFilter@7a68818c, org.springframework.security.web.context.request.async.WebAsyncManagerIntegrationFilter@11034fdb, org.springframework.security.web.context.SecurityContextHolderFilter@270a113f, org.springframework.security.web.header.HeaderWriterFilter@58885a2e, org.springframework.web.filter.CorsFilter@276ae21c, org.springframework.security.web.authentication.logout.LogoutFilter@2b8106f, org.springframework.security.web.authentication.www.BasicAuthenticationFilter@4c1f4817, org.springframework.security.web.savedrequest.RequestCacheAwareFilter@5e79bdf6, org.springframework.security.web.servletapi.SecurityContextHolderAwareRequestFilter@30367620, org.springframework.security.web.authentication.AnonymousAuthenticationFilter@1a524c6b, org.springframework.security.web.access.ExceptionTranslationFilter@52d202f0, org.springframework.security.web.access.intercept.AuthorizationFilter@eb1d7c8]
2024-06-27T21:39:10.213+05:30  INFO 564 --- [RentRead] [Test worker] c.r.RentRead.RentReadApplicationTests    : Started RentReadApplicationTests in 24.311 seconds (process running for 41.732)
2024-06-27T21:39:10.530+05:30  INFO 564 --- [RentRead] [SpringApplicationShutdownHook] j.LocalContainerEntityManagerFactoryBean : Closing JPA EntityManagerFactory for persistence unit 'default'
2024-06-27T21:39:10.537+05:30  INFO 564 --- [RentRead] [SpringApplicationShutdownHook] com.zaxxer.hikari.HikariDataSource       : HikariPool-1 - Shutdown initiated...
2024-06-27T21:39:10.586+05:30  INFO 564 --- [RentRead] [SpringApplicationShutdownHook] com.zaxxer.hikari.HikariDataSource       : HikariPool-1 - Shutdown completed.
